<?xml version="1.0" encoding="UTF-8"?>
<testsuite xmlns:xsi="http://www.w3.org/2001/XMLSchema-instance" xsi:noNamespaceSchemaLocation="https://maven.apache.org/surefire/maven-surefire-plugin/xsd/surefire-test-report.xsd" name="com.online.springioc.SpringIocApplicationTests" time="0.469" tests="1" errors="1" skipped="0" failures="0">
  <properties>
[...]
</properties>
  <testcase name="contextLoads" classname="com.online.springioc.SpringIocApplicationTests" time="0.002">
    <error message="org.springframework.boot.SpringApplication.&lt;init&gt;([Ljava/lang/Object;)V" type="java.lang.NoSuchMethodError"><![CDATA[java.lang.NoSuchMethodError: org.springframework.boot.SpringApplication.<init>([Ljava/lang/Object;)V
]]></error>
    <system-out><![CDATA[14:50:07.692 [main] DEBUG org.springframework.test.context.junit4.SpringJUnit4ClassRunner - SpringJUnit4ClassRunner constructor called with [class com.online.springioc.SpringIocApplicationTests]
14:50:07.700 [main] DEBUG org.springframework.test.context.BootstrapUtils - Instantiating CacheAwareContextLoaderDelegate from class [org.springframework.test.context.cache.DefaultCacheAwareContextLoaderDelegate]
14:50:07.708 [main] DEBUG org.springframework.test.context.BootstrapUtils - Instantiating BootstrapContext using constructor [public org.springframework.test.context.support.DefaultBootstrapContext(java.lang.Class,org.springframework.test.context.CacheAwareContextLoaderDelegate)]
14:50:07.724 [main] DEBUG org.springframework.test.context.BootstrapUtils - Instantiating TestContextBootstrapper for test class [com.online.springioc.SpringIocApplicationTests] from class [org.springframework.boot.test.context.SpringBootTestContextBootstrapper]
14:50:07.734 [main] INFO org.springframework.boot.test.context.SpringBootTestContextBootstrapper - Neither @ContextConfiguration nor @ContextHierarchy found for test class [com.online.springioc.SpringIocApplicationTests], using SpringBootContextLoader
14:50:07.737 [main] DEBUG org.springframework.test.context.support.AbstractContextLoader - Did not detect default resource location for test class [com.online.springioc.SpringIocApplicationTests]: class path resource [com/online/springioc/SpringIocApplicationTests-context.xml] does not exist
14:50:07.737 [main] DEBUG org.springframework.test.context.support.AbstractContextLoader - Did not detect default resource location for test class [com.online.springioc.SpringIocApplicationTests]: class path resource [com/online/springioc/SpringIocApplicationTestsContext.groovy] does not exist
14:50:07.738 [main] INFO org.springframework.test.context.support.AbstractContextLoader - Could not detect default resource locations for test class [com.online.springioc.SpringIocApplicationTests]: no resource found for suffixes {-context.xml, Context.groovy}.
14:50:07.738 [main] INFO org.springframework.test.context.support.AnnotationConfigContextLoaderUtils - Could not detect default configuration classes for test class [com.online.springioc.SpringIocApplicationTests]: SpringIocApplicationTests does not declare any static, non-private, non-final, nested classes annotated with @Configuration.
14:50:07.775 [main] DEBUG org.springframework.test.context.support.ActiveProfilesUtils - Could not find an 'annotation declaring class' for annotation type [org.springframework.test.context.ActiveProfiles] and class [com.online.springioc.SpringIocApplicationTests]
14:50:07.786 [main] DEBUG org.springframework.core.env.StandardEnvironment - Adding PropertySource 'systemProperties' with lowest search precedence
14:50:07.787 [main] DEBUG org.springframework.core.env.StandardEnvironment - Adding PropertySource 'systemEnvironment' with lowest search precedence
14:50:07.787 [main] DEBUG org.springframework.core.env.StandardEnvironment - Initialized StandardEnvironment with PropertySources [MapPropertySource@1909546776 {name='systemProperties', properties={idea.version=15.0.2, java.runtime.name=Java(TM) SE Runtime Environment, sun.boot.library.path=C:\jdk\jdk1.8x64\jre\bin, java.vm.version=25.112-b15, java.vm.vendor=Oracle Corporation, java.vendor.url=http://java.oracle.com/, path.separator=;, java.vm.name=Java HotSpot(TM) 64-Bit Server VM, file.encoding.pkg=sun.io, user.country=CN, user.script=, sun.java.launcher=SUN_STANDARD, sun.os.patch.level=, java.vm.specification.name=Java Virtual Machine Specification, user.dir=C:\Users\lihongjing\IdeaProjects\principle-parent\spring-ioc, java.runtime.version=1.8.0_112-b15, basedir=C:\Users\lihongjing\IdeaProjects\principle-parent\spring-ioc, java.awt.graphicsenv=sun.awt.Win32GraphicsEnvironment, java.endorsed.dirs=C:\jdk\jdk1.8x64\jre\lib\endorsed, os.arch=amd64, surefire.real.class.path=C:\Users\lihongjing\surefire4955443561408114627\surefirebooter911429307679673372.jar, java.io.tmpdir=C:\Users\lihongjing\, line.separator=
, java.vm.specification.vendor=Oracle Corporation, user.variant=, os.name=Windows 10, sun.jnu.encoding=GBK, java.library.path=C:\jdk\jdk1.8x64\jre\bin;C:\WINDOWS\Sun\Java\bin;C:\WINDOWS\system32;C:\WINDOWS;C:\ProgramData\Oracle\Java\javapath;C:\oracle11g\oracle\bin;D:\openJdk\openjdkJre8\bin;C:\Program Files (x86)\Intel\iCLS Client\;C:\Program Files\Intel\iCLS Client\;C:\Windows\system32;C:\Windows;C:\Windows\System32\Wbem;C:\Windows\System32\WindowsPowerShell\v1.0\;C:\Program Files (x86)\NVIDIA Corporation\PhysX\Common;C:\Program Files (x86)\Intel\Intel(R) Management Engine Components\DAL;C:\Program Files\Intel\Intel(R) Management Engine Components\DAL;C:\Program Files (x86)\Intel\Intel(R) Management Engine Components\IPT;C:\Program Files\Intel\Intel(R) Management Engine Components\IPT;C:\Program Files\Intel\WiFi\bin\;C:\Program Files\Common Files\Intel\WirelessCommon\;C:\WINDOWS;C:\WINDOWS\System32\Wbem;C:\WINDOWS\System32\WindowsPowerShell\v1.0\;C:\ue_chinese;C:\Users\lihongjing\Desktop\开发工具\apache_ant\apache-ant-1.9.6\bin;C:\mysql\bin;C:\svn\bin;C:\tomcat\apache-tomcat-7.0.54\bin;D:\01.10 Java打造微信跳一跳小游戏辅助利器\ADB;C:\Users\lihongjing\Desktop\开发工具\apache-cxf-2.7.18\bi;C:\WINDOWS\system32;D:\nodejs\;C:\WINDOWS\System32\OpenSSH\;C:\Git\cmd;C:\Program Files (x86)\Bitvise SSH Client;C:\Users\lihongjing\AppData\Local\Microsoft\WindowsApps;C:\Users\lihongjing\AppData\Local\GitHubDesktop\bin;C:\Users\lihongjing\AppData\Local\Microsoft\WindowsApps;C:\Users\lihongjing\AppData\Roaming\npm;;., surefire.test.class.path=C:\Users\lihongjing\IdeaProjects\principle-parent\spring-ioc\target\test-classes;C:\Users\lihongjing\IdeaProjects\principle-parent\spring-ioc\target\classes;D:\maven\demoMavenWarehouse\javax\servlet\servlet-api\2.5\servlet-api-2.5.jar;D:\maven\demoMavenWarehouse\org\springframework\boot\spring-boot-starter\2.0.4.RELEASE\spring-boot-starter-2.0.4.RELEASE.jar;D:\maven\demoMavenWarehouse\org\springframework\boot\spring-boot\2.0.4.RELEASE\spring-boot-2.0.4.RELEASE.jar;D:\maven\demoMavenWarehouse\org\springframework\boot\spring-boot-starter-logging\2.0.4.RELEASE\spring-boot-starter-logging-2.0.4.RELEASE.jar;D:\maven\demoMavenWarehouse\ch\qos\logback\logback-classic\1.2.3\logback-classic-1.2.3.jar;D:\maven\demoMavenWarehouse\ch\qos\logback\logback-core\1.2.3\logback-core-1.2.3.jar;D:\maven\demoMavenWarehouse\org\apache\logging\log4j\log4j-to-slf4j\2.10.0\log4j-to-slf4j-2.10.0.jar;D:\maven\demoMavenWarehouse\org\apache\logging\log4j\log4j-api\2.10.0\log4j-api-2.10.0.jar;D:\maven\demoMavenWarehouse\org\slf4j\jul-to-slf4j\1.7.25\jul-to-slf4j-1.7.25.jar;D:\maven\demoMavenWarehouse\javax\annotation\javax.annotation-api\1.3.2\javax.annotation-api-1.3.2.jar;D:\maven\demoMavenWarehouse\org\springframework\spring-core\5.0.8.RELEASE\spring-core-5.0.8.RELEASE.jar;D:\maven\demoMavenWarehouse\org\springframework\spring-jcl\5.0.8.RELEASE\spring-jcl-5.0.8.RELEASE.jar;D:\maven\demoMavenWarehouse\org\yaml\snakeyaml\1.19\snakeyaml-1.19.jar;D:\maven\demoMavenWarehouse\org\springframework\boot\spring-boot-starter-test\2.0.4.RELEASE\spring-boot-starter-test-2.0.4.RELEASE.jar;D:\maven\demoMavenWarehouse\org\springframework\boot\spring-boot-test-autoconfigure\2.0.4.RELEASE\spring-boot-test-autoconfigure-2.0.4.RELEASE.jar;D:\maven\demoMavenWarehouse\com\jayway\jsonpath\json-path\2.4.0\json-path-2.4.0.jar;D:\maven\demoMavenWarehouse\net\minidev\json-smart\2.3\json-smart-2.3.jar;D:\maven\demoMavenWarehouse\net\minidev\accessors-smart\1.2\accessors-smart-1.2.jar;D:\maven\demoMavenWarehouse\org\ow2\asm\asm\5.0.4\asm-5.0.4.jar;D:\maven\demoMavenWarehouse\org\slf4j\slf4j-api\1.7.25\slf4j-api-1.7.25.jar;D:\maven\demoMavenWarehouse\junit\junit\4.12\junit-4.12.jar;D:\maven\demoMavenWarehouse\org\assertj\assertj-core\3.9.1\assertj-core-3.9.1.jar;D:\maven\demoMavenWarehouse\org\mockito\mockito-core\2.15.0\mockito-core-2.15.0.jar;D:\maven\demoMavenWarehouse\net\bytebuddy\byte-buddy\1.7.11\byte-buddy-1.7.11.jar;D:\maven\demoMavenWarehouse\net\bytebuddy\byte-buddy-agent\1.7.11\byte-buddy-agent-1.7.11.jar;D:\maven\demoMavenWarehouse\org\objenesis\objenesis\2.6\objenesis-2.6.jar;D:\maven\demoMavenWarehouse\org\hamcrest\hamcrest-core\1.3\hamcrest-core-1.3.jar;D:\maven\demoMavenWarehouse\org\hamcrest\hamcrest-library\1.3\hamcrest-library-1.3.jar;D:\maven\demoMavenWarehouse\org\skyscreamer\jsonassert\1.5.0\jsonassert-1.5.0.jar;D:\maven\demoMavenWarehouse\com\vaadin\external\google\android-json\0.0.20131108.vaadin1\android-json-0.0.20131108.vaadin1.jar;D:\maven\demoMavenWarehouse\org\springframework\spring-test\5.0.8.RELEASE\spring-test-5.0.8.RELEASE.jar;D:\maven\demoMavenWarehouse\org\xmlunit\xmlunit-core\2.5.1\xmlunit-core-2.5.1.jar;D:\maven\demoMavenWarehouse\org\springframework\boot\spring-boot-autoconfigure\2.0.4.RELEASE\spring-boot-autoconfigure-2.0.4.RELEASE.jar;D:\maven\demoMavenWarehouse\org\springframework\boot\spring-boot-test\1.5.12.RELEASE\spring-boot-test-1.5.12.RELEASE.jar;D:\maven\demoMavenWarehouse\org\springframework\spring-web\4.3.16.RELEASE\spring-web-4.3.16.RELEASE.jar;D:\maven\demoMavenWarehouse\org\springframework\spring-aop\5.0.8.RELEASE\spring-aop-5.0.8.RELEASE.jar;D:\maven\demoMavenWarehouse\org\springframework\spring-beans\5.0.8.RELEASE\spring-beans-5.0.8.RELEASE.jar;D:\maven\demoMavenWarehouse\org\springframework\spring-context\5.0.8.RELEASE\spring-context-5.0.8.RELEASE.jar;D:\maven\demoMavenWarehouse\org\springframework\spring-expression\5.0.8.RELEASE\spring-expression-5.0.8.RELEASE.jar;D:\maven\demoMavenWarehouse\org\apache\httpcomponents\httpclient\4.3.1\httpclient-4.3.1.jar;D:\maven\demoMavenWarehouse\org\apache\httpcomponents\httpcore\4.4.10\httpcore-4.4.10.jar;D:\maven\demoMavenWarehouse\commons-codec\commons-codec\1.11\commons-codec-1.11.jar;, java.specification.name=Java Platform API Specification, java.class.version=52.0, sun.management.compiler=HotSpot 64-Bit Tiered Compilers, maven.repo.local=D:\maven\demoMavenWarehouse, os.version=10.0, user.home=C:\Users\lihongjing, user.timezone=Asia/Shanghai, java.awt.printerjob=sun.awt.windows.WPrinterJob, file.encoding=GBK, java.specification.version=1.8, java.class.path=C:\Users\lihongjing\IdeaProjects\principle-parent\spring-ioc\target\test-classes;C:\Users\lihongjing\IdeaProjects\principle-parent\spring-ioc\target\classes;D:\maven\demoMavenWarehouse\javax\servlet\servlet-api\2.5\servlet-api-2.5.jar;D:\maven\demoMavenWarehouse\org\springframework\boot\spring-boot-starter\2.0.4.RELEASE\spring-boot-starter-2.0.4.RELEASE.jar;D:\maven\demoMavenWarehouse\org\springframework\boot\spring-boot\2.0.4.RELEASE\spring-boot-2.0.4.RELEASE.jar;D:\maven\demoMavenWarehouse\org\springframework\boot\spring-boot-starter-logging\2.0.4.RELEASE\spring-boot-starter-logging-2.0.4.RELEASE.jar;D:\maven\demoMavenWarehouse\ch\qos\logback\logback-classic\1.2.3\logback-classic-1.2.3.jar;D:\maven\demoMavenWarehouse\ch\qos\logback\logback-core\1.2.3\logback-core-1.2.3.jar;D:\maven\demoMavenWarehouse\org\apache\logging\log4j\log4j-to-slf4j\2.10.0\log4j-to-slf4j-2.10.0.jar;D:\maven\demoMavenWarehouse\org\apache\logging\log4j\log4j-api\2.10.0\log4j-api-2.10.0.jar;D:\maven\demoMavenWarehouse\org\slf4j\jul-to-slf4j\1.7.25\jul-to-slf4j-1.7.25.jar;D:\maven\demoMavenWarehouse\javax\annotation\javax.annotation-api\1.3.2\javax.annotation-api-1.3.2.jar;D:\maven\demoMavenWarehouse\org\springframework\spring-core\5.0.8.RELEASE\spring-core-5.0.8.RELEASE.jar;D:\maven\demoMavenWarehouse\org\springframework\spring-jcl\5.0.8.RELEASE\spring-jcl-5.0.8.RELEASE.jar;D:\maven\demoMavenWarehouse\org\yaml\snakeyaml\1.19\snakeyaml-1.19.jar;D:\maven\demoMavenWarehouse\org\springframework\boot\spring-boot-starter-test\2.0.4.RELEASE\spring-boot-starter-test-2.0.4.RELEASE.jar;D:\maven\demoMavenWarehouse\org\springframework\boot\spring-boot-test-autoconfigure\2.0.4.RELEASE\spring-boot-test-autoconfigure-2.0.4.RELEASE.jar;D:\maven\demoMavenWarehouse\com\jayway\jsonpath\json-path\2.4.0\json-path-2.4.0.jar;D:\maven\demoMavenWarehouse\net\minidev\json-smart\2.3\json-smart-2.3.jar;D:\maven\demoMavenWarehouse\net\minidev\accessors-smart\1.2\accessors-smart-1.2.jar;D:\maven\demoMavenWarehouse\org\ow2\asm\asm\5.0.4\asm-5.0.4.jar;D:\maven\demoMavenWarehouse\org\slf4j\slf4j-api\1.7.25\slf4j-api-1.7.25.jar;D:\maven\demoMavenWarehouse\junit\junit\4.12\junit-4.12.jar;D:\maven\demoMavenWarehouse\org\assertj\assertj-core\3.9.1\assertj-core-3.9.1.jar;D:\maven\demoMavenWarehouse\org\mockito\mockito-core\2.15.0\mockito-core-2.15.0.jar;D:\maven\demoMavenWarehouse\net\bytebuddy\byte-buddy\1.7.11\byte-buddy-1.7.11.jar;D:\maven\demoMavenWarehouse\net\bytebuddy\byte-buddy-agent\1.7.11\byte-buddy-agent-1.7.11.jar;D:\maven\demoMavenWarehouse\org\objenesis\objenesis\2.6\objenesis-2.6.jar;D:\maven\demoMavenWarehouse\org\hamcrest\hamcrest-core\1.3\hamcrest-core-1.3.jar;D:\maven\demoMavenWarehouse\org\hamcrest\hamcrest-library\1.3\hamcrest-library-1.3.jar;D:\maven\demoMavenWarehouse\org\skyscreamer\jsonassert\1.5.0\jsonassert-1.5.0.jar;D:\maven\demoMavenWarehouse\com\vaadin\external\google\android-json\0.0.20131108.vaadin1\android-json-0.0.20131108.vaadin1.jar;D:\maven\demoMavenWarehouse\org\springframework\spring-test\5.0.8.RELEASE\spring-test-5.0.8.RELEASE.jar;D:\maven\demoMavenWarehouse\org\xmlunit\xmlunit-core\2.5.1\xmlunit-core-2.5.1.jar;D:\maven\demoMavenWarehouse\org\springframework\boot\spring-boot-autoconfigure\2.0.4.RELEASE\spring-boot-autoconfigure-2.0.4.RELEASE.jar;D:\maven\demoMavenWarehouse\org\springframework\boot\spring-boot-test\1.5.12.RELEASE\spring-boot-test-1.5.12.RELEASE.jar;D:\maven\demoMavenWarehouse\org\springframework\spring-web\4.3.16.RELEASE\spring-web-4.3.16.RELEASE.jar;D:\maven\demoMavenWarehouse\org\springframework\spring-aop\5.0.8.RELEASE\spring-aop-5.0.8.RELEASE.jar;D:\maven\demoMavenWarehouse\org\springframework\spring-beans\5.0.8.RELEASE\spring-beans-5.0.8.RELEASE.jar;D:\maven\demoMavenWarehouse\org\springframework\spring-context\5.0.8.RELEASE\spring-context-5.0.8.RELEASE.jar;D:\maven\demoMavenWarehouse\org\springframework\spring-expression\5.0.8.RELEASE\spring-expression-5.0.8.RELEASE.jar;D:\maven\demoMavenWarehouse\org\apache\httpcomponents\httpclient\4.3.1\httpclient-4.3.1.jar;D:\maven\demoMavenWarehouse\org\apache\httpcomponents\httpcore\4.4.10\httpcore-4.4.10.jar;D:\maven\demoMavenWarehouse\commons-codec\commons-codec\1.11\commons-codec-1.11.jar;, user.name=lihongjing, java.vm.specification.version=1.8, sun.java.command=C:\Users\lihongjing\surefire4955443561408114627\surefirebooter911429307679673372.jar C:\Users\lihongjing\surefire4955443561408114627 2018-11-01T14-50-06_890-jvmRun1 surefire7715395820092878644tmp surefire_03466816603717720634tmp, java.home=C:\jdk\jdk1.8x64\jre, sun.arch.data.model=64, user.language=zh, java.specification.vendor=Oracle Corporation, awt.toolkit=sun.awt.windows.WToolkit, java.vm.info=mixed mode, java.version=1.8.0_112, java.ext.dirs=C:\jdk\jdk1.8x64\jre\lib\ext;C:\WINDOWS\Sun\Java\lib\ext, sun.boot.class.path=C:\jdk\jdk1.8x64\jre\lib\resources.jar;C:\jdk\jdk1.8x64\jre\lib\rt.jar;C:\jdk\jdk1.8x64\jre\lib\sunrsasign.jar;C:\jdk\jdk1.8x64\jre\lib\jsse.jar;C:\jdk\jdk1.8x64\jre\lib\jce.jar;C:\jdk\jdk1.8x64\jre\lib\charsets.jar;C:\jdk\jdk1.8x64\jre\lib\jfr.jar;C:\jdk\jdk1.8x64\jre\classes, java.vendor=Oracle Corporation, localRepository=D:\maven\demoMavenWarehouse, file.separator=\, java.vendor.url.bug=http://bugreport.sun.com/bugreport/, sun.io.unicode.encoding=UnicodeLittle, sun.cpu.endian=little, sun.desktop=windows, sun.cpu.isalist=amd64}}, SystemEnvironmentPropertySource@392781299 {name='systemEnvironment', properties={PATH=C:\ProgramData\Oracle\Java\javapath;C:\oracle11g\oracle\bin;D:\openJdk\openjdkJre8\bin;C:\Program Files (x86)\Intel\iCLS Client\;C:\Program Files\Intel\iCLS Client\;C:\Windows\system32;C:\Windows;C:\Windows\System32\Wbem;C:\Windows\System32\WindowsPowerShell\v1.0\;C:\Program Files (x86)\NVIDIA Corporation\PhysX\Common;C:\Program Files (x86)\Intel\Intel(R) Management Engine Components\DAL;C:\Program Files\Intel\Intel(R) Management Engine Components\DAL;C:\Program Files (x86)\Intel\Intel(R) Management Engine Components\IPT;C:\Program Files\Intel\Intel(R) Management Engine Components\IPT;C:\Program Files\Intel\WiFi\bin\;C:\Program Files\Common Files\Intel\WirelessCommon\;C:\WINDOWS;C:\WINDOWS\System32\Wbem;C:\WINDOWS\System32\WindowsPowerShell\v1.0\;C:\ue_chinese;C:\Users\lihongjing\Desktop\开发工具\apache_ant\apache-ant-1.9.6\bin;C:\mysql\bin;C:\svn\bin;C:\tomcat\apache-tomcat-7.0.54\bin;D:\01.10 Java打造微信跳一跳小游戏辅助利器\ADB;C:\Users\lihongjing\Desktop\开发工具\apache-cxf-2.7.18\bi;C:\WINDOWS\system32;D:\nodejs\;C:\WINDOWS\System32\OpenSSH\;C:\Git\cmd;C:\Program Files (x86)\Bitvise SSH Client;C:\Users\lihongjing\AppData\Local\Microsoft\WindowsApps;C:\Users\lihongjing\AppData\Local\GitHubDesktop\bin;C:\Users\lihongjing\AppData\Local\Microsoft\WindowsApps;C:\Users\lihongjing\AppData\Roaming\npm;, USERDOMAIN_ROAMINGPROFILE=DESKTOP-DCO50NV, LOCALAPPDATA=C:\Users\lihongjing\AppData\Local, PROCESSOR_LEVEL=6, SVN_HOME=C:\svn, SYSTEMDRIVE=C:, COMMONPROGRAMFILES(X86)=C:\Program Files (x86)\Common Files, USERDOMAIN=DESKTOP-DCO50NV, FPS_BROWSER_APP_PROFILE_STRING=Internet Explorer, LOGONSERVER=\\DESKTOP-DCO50NV, JAVA_HOME=D:\openJdk\openjdkJre8, PROMPT=$P$G, SESSIONNAME=Console, ALLUSERSPROFILE=C:\ProgramData, PROGRAMFILES(X86)=C:\Program Files (x86), PROCESSOR_ARCHITECTURE=AMD64, CXF_HOME=C:\Users\lihongjing\Desktop\开发工具\apache-cxf-2.7.18, DRIVERDATA=C:\Windows\System32\Drivers\DriverData, ANT_HOME=C:\Users\lihongjing\Desktop\开发工具\apache_ant\apache-ant-1.9.6, PROGRAMFILES=C:\Program Files, =C:=C:\Users\lihongjing\IdeaProjects\principle-parent\spring-ioc, APPDATA=C:\Users\lihongjing\AppData\Roaming, PSMODULEPATH=C:\Program Files\WindowsPowerShell\Modules;C:\WINDOWS\system32\WindowsPowerShell\v1.0\Modules, PROGRAMW6432=C:\Program Files, PROGRAMDATA=C:\ProgramData, SYSTEMROOT=C:\WINDOWS, USERNAME=lihongjing, TOMCAT_HOME=C:\tomcat\apache-tomcat-7.0.54, FPS_BROWSER_USER_PROFILE_STRING=Default, ONEDRIVE=C:\Users\lihongjing\OneDrive, CONFIGSETROOT=C:\WINDOWS\ConfigSetRoot, PATHEXT=.COM;.EXE;.BAT;.CMD;.VBS;.VBE;.JS;.JSE;.WSF;.WSH;.MSC, OS=Windows_NT, COMMONPROGRAMW6432=C:\Program Files\Common Files, COMPUTERNAME=DESKTOP-DCO50NV, COMMONPROGRAMFILES=C:\Program Files\Common Files, COMSPEC=C:\WINDOWS\system32\cmd.exe, PROCESSOR_REVISION=5e03, CLASSPATH=.;D:\openJdk\openjdkJre8\lib\dt.jar;D:\openJdk\openjdkJre8\lib\tools.jar, WINDIR=C:\WINDOWS, HOMEPATH=\Users\lihongjing, MYSQL_HOME=C:\mysql, HOMEDRIVE=C:, PROCESSOR_IDENTIFIER=Intel64 Family 6 Model 94 Stepping 3, GenuineIntel, USERPROFILE=C:\Users\lihongjing, PUBLIC=C:\Users\Public, NUMBER_OF_PROCESSORS=8, =::=::\}}]
14:50:07.802 [main] DEBUG org.springframework.core.io.support.PathMatchingResourcePatternResolver - Resolved classpath location [com/online/springioc/] to resources [URL [file:/C:/Users/lihongjing/IdeaProjects/principle-parent/spring-ioc/target/test-classes/com/online/springioc/], URL [file:/C:/Users/lihongjing/IdeaProjects/principle-parent/spring-ioc/target/classes/com/online/springioc/]]
14:50:07.803 [main] DEBUG org.springframework.core.io.support.PathMatchingResourcePatternResolver - Looking for matching resources in directory tree [C:\Users\lihongjing\IdeaProjects\principle-parent\spring-ioc\target\test-classes\com\online\springioc]
14:50:07.803 [main] DEBUG org.springframework.core.io.support.PathMatchingResourcePatternResolver - Searching directory [C:\Users\lihongjing\IdeaProjects\principle-parent\spring-ioc\target\test-classes\com\online\springioc] for files matching pattern [C:/Users/lihongjing/IdeaProjects/principle-parent/spring-ioc/target/test-classes/com/online/springioc/*.class]
14:50:07.807 [main] DEBUG org.springframework.core.io.support.PathMatchingResourcePatternResolver - Looking for matching resources in directory tree [C:\Users\lihongjing\IdeaProjects\principle-parent\spring-ioc\target\classes\com\online\springioc]
14:50:07.808 [main] DEBUG org.springframework.core.io.support.PathMatchingResourcePatternResolver - Searching directory [C:\Users\lihongjing\IdeaProjects\principle-parent\spring-ioc\target\classes\com\online\springioc] for files matching pattern [C:/Users/lihongjing/IdeaProjects/principle-parent/spring-ioc/target/classes/com/online/springioc/*.class]
14:50:07.809 [main] DEBUG org.springframework.core.io.support.PathMatchingResourcePatternResolver - Resolved location pattern [classpath*:com/online/springioc/*.class] to resources [file [C:\Users\lihongjing\IdeaProjects\principle-parent\spring-ioc\target\test-classes\com\online\springioc\SpringIocApplicationTests.class], file [C:\Users\lihongjing\IdeaProjects\principle-parent\spring-ioc\target\classes\com\online\springioc\SpringIocApplication.class]]
14:50:07.884 [main] DEBUG org.springframework.context.annotation.ClassPathScanningCandidateComponentProvider - Identified candidate component class: file [C:\Users\lihongjing\IdeaProjects\principle-parent\spring-ioc\target\classes\com\online\springioc\SpringIocApplication.class]
14:50:07.885 [main] INFO org.springframework.boot.test.context.SpringBootTestContextBootstrapper - Found @SpringBootConfiguration com.online.springioc.SpringIocApplication for test class com.online.springioc.SpringIocApplicationTests
14:50:07.889 [main] DEBUG org.springframework.boot.test.context.SpringBootTestContextBootstrapper - @TestExecutionListeners is not present for class [com.online.springioc.SpringIocApplicationTests]: using defaults.
14:50:07.889 [main] INFO org.springframework.boot.test.context.SpringBootTestContextBootstrapper - Loaded default TestExecutionListener class names from location [META-INF/spring.factories]: [org.springframework.boot.test.autoconfigure.restdocs.RestDocsTestExecutionListener, org.springframework.boot.test.autoconfigure.web.client.MockRestServiceServerResetTestExecutionListener, org.springframework.boot.test.autoconfigure.web.servlet.MockMvcPrintOnlyOnFailureTestExecutionListener, org.springframework.boot.test.autoconfigure.web.servlet.WebDriverTestExecutionListener, org.springframework.test.context.web.ServletTestExecutionListener, org.springframework.test.context.support.DirtiesContextBeforeModesTestExecutionListener, org.springframework.test.context.support.DependencyInjectionTestExecutionListener, org.springframework.test.context.support.DirtiesContextTestExecutionListener, org.springframework.test.context.transaction.TransactionalTestExecutionListener, org.springframework.test.context.jdbc.SqlScriptsTestExecutionListener, org.springframework.boot.test.mock.mockito.MockitoTestExecutionListener, org.springframework.boot.test.mock.mockito.ResetMocksTestExecutionListener]
14:50:07.903 [main] DEBUG org.springframework.boot.test.context.SpringBootTestContextBootstrapper - Skipping candidate TestExecutionListener [org.springframework.test.context.transaction.TransactionalTestExecutionListener] due to a missing dependency. Specify custom listener classes or make the default listener classes and their required dependencies available. Offending class: [org/springframework/transaction/interceptor/TransactionAttributeSource]
14:50:07.904 [main] DEBUG org.springframework.boot.test.context.SpringBootTestContextBootstrapper - Skipping candidate TestExecutionListener [org.springframework.test.context.jdbc.SqlScriptsTestExecutionListener] due to a missing dependency. Specify custom listener classes or make the default listener classes and their required dependencies available. Offending class: [org/springframework/transaction/interceptor/TransactionAttribute]
14:50:07.905 [main] INFO org.springframework.boot.test.context.SpringBootTestContextBootstrapper - Using TestExecutionListeners: [org.springframework.test.context.web.ServletTestExecutionListener@7fc229ab, org.springframework.test.context.support.DirtiesContextBeforeModesTestExecutionListener@2cbb3d47, org.springframework.boot.test.mock.mockito.MockitoTestExecutionListener@527e5409, org.springframework.boot.test.autoconfigure.SpringBootDependencyInjectionTestExecutionListener@1198b989, org.springframework.test.context.support.DirtiesContextTestExecutionListener@7ff95560, org.springframework.boot.test.autoconfigure.restdocs.RestDocsTestExecutionListener@add0edd, org.springframework.boot.test.autoconfigure.web.client.MockRestServiceServerResetTestExecutionListener@2aa3cd93, org.springframework.boot.test.autoconfigure.web.servlet.MockMvcPrintOnlyOnFailureTestExecutionListener@7ea37dbf, org.springframework.boot.test.autoconfigure.web.servlet.WebDriverTestExecutionListener@4b44655e, org.springframework.boot.test.mock.mockito.ResetMocksTestExecutionListener@290d210d]
14:50:07.907 [main] DEBUG org.springframework.test.annotation.ProfileValueUtils - Retrieved @ProfileValueSourceConfiguration [null] for test class [com.online.springioc.SpringIocApplicationTests]
14:50:07.908 [main] DEBUG org.springframework.test.annotation.ProfileValueUtils - Retrieved ProfileValueSource type [class org.springframework.test.annotation.SystemProfileValueSource] for class [com.online.springioc.SpringIocApplicationTests]
14:50:07.909 [main] DEBUG org.springframework.test.annotation.ProfileValueUtils - Retrieved @ProfileValueSourceConfiguration [null] for test class [com.online.springioc.SpringIocApplicationTests]
14:50:07.909 [main] DEBUG org.springframework.test.annotation.ProfileValueUtils - Retrieved ProfileValueSource type [class org.springframework.test.annotation.SystemProfileValueSource] for class [com.online.springioc.SpringIocApplicationTests]
14:50:07.910 [main] DEBUG org.springframework.test.annotation.ProfileValueUtils - Retrieved @ProfileValueSourceConfiguration [null] for test class [com.online.springioc.SpringIocApplicationTests]
14:50:07.910 [main] DEBUG org.springframework.test.annotation.ProfileValueUtils - Retrieved ProfileValueSource type [class org.springframework.test.annotation.SystemProfileValueSource] for class [com.online.springioc.SpringIocApplicationTests]
14:50:07.914 [main] DEBUG org.springframework.test.context.support.AbstractDirtiesContextTestExecutionListener - Before test class: context [DefaultTestContext@4fe767f3 testClass = SpringIocApplicationTests, testInstance = [null], testMethod = [null], testException = [null], mergedContextConfiguration = [WebMergedContextConfiguration@2805c96b testClass = SpringIocApplicationTests, locations = '{}', classes = '{class com.online.springioc.SpringIocApplication}', contextInitializerClasses = '[]', activeProfiles = '{}', propertySourceLocations = '{}', propertySourceProperties = '{org.springframework.boot.test.context.SpringBootTestContextBootstrapper=true}', contextCustomizers = set[org.springframework.boot.test.autoconfigure.properties.PropertyMappingContextCustomizer@0, org.springframework.boot.test.autoconfigure.web.servlet.WebDriverContextCustomizerFactory$Customizer@481a15ff, org.springframework.boot.test.context.SpringBootTestContextCustomizer@727803de, org.springframework.boot.test.context.filter.ExcludeFilterContextCustomizer@24a35978, org.springframework.boot.test.json.DuplicateJsonObjectContextCustomizerFactory$DuplicateJsonObjectContextCustomizer@fcd6521, org.springframework.boot.test.mock.mockito.MockitoContextCustomizer@0], resourceBasePath = 'src/main/webapp', contextLoader = 'org.springframework.boot.test.context.SpringBootContextLoader', parent = [null]], attributes = map['org.springframework.test.context.web.ServletTestExecutionListener.activateListener' -> true]], class annotated with @DirtiesContext [false] with mode [null].
14:50:07.914 [main] DEBUG org.springframework.test.annotation.ProfileValueUtils - Retrieved @ProfileValueSourceConfiguration [null] for test class [com.online.springioc.SpringIocApplicationTests]
14:50:07.915 [main] DEBUG org.springframework.test.annotation.ProfileValueUtils - Retrieved ProfileValueSource type [class org.springframework.test.annotation.SystemProfileValueSource] for class [com.online.springioc.SpringIocApplicationTests]
14:50:07.919 [main] ERROR org.springframework.test.context.TestContextManager - Caught exception while allowing TestExecutionListener [org.springframework.test.context.web.ServletTestExecutionListener@7fc229ab] to prepare test instance [com.online.springioc.SpringIocApplicationTests@7b227d8d]
java.lang.NoSuchMethodError: org.springframework.boot.SpringApplication.<init>([Ljava/lang/Object;)V
	at org.springframework.boot.test.context.SpringBootContextLoader.getSpringApplication(SpringBootContextLoader.java:130)
	at org.springframework.boot.test.context.SpringBootContextLoader.loadContext(SpringBootContextLoader.java:93)
	at org.springframework.test.context.cache.DefaultCacheAwareContextLoaderDelegate.loadContextInternal(DefaultCacheAwareContextLoaderDelegate.java:99)
	at org.springframework.test.context.cache.DefaultCacheAwareContextLoaderDelegate.loadContext(DefaultCacheAwareContextLoaderDelegate.java:117)
	at org.springframework.test.context.support.DefaultTestContext.getApplicationContext(DefaultTestContext.java:108)
	at org.springframework.test.context.web.ServletTestExecutionListener.setUpRequestContextIfNecessary(ServletTestExecutionListener.java:190)
	at org.springframework.test.context.web.ServletTestExecutionListener.prepareTestInstance(ServletTestExecutionListener.java:132)
	at org.springframework.test.context.TestContextManager.prepareTestInstance(TestContextManager.java:246)
	at org.springframework.test.context.junit4.SpringJUnit4ClassRunner.createTest(SpringJUnit4ClassRunner.java:227)
	at org.springframework.test.context.junit4.SpringJUnit4ClassRunner$1.runReflectiveCall(SpringJUnit4ClassRunner.java:289)
	at org.junit.internal.runners.model.ReflectiveCallable.run(ReflectiveCallable.java:12)
	at org.springframework.test.context.junit4.SpringJUnit4ClassRunner.methodBlock(SpringJUnit4ClassRunner.java:291)
	at org.springframework.test.context.junit4.SpringJUnit4ClassRunner.runChild(SpringJUnit4ClassRunner.java:246)
	at org.springframework.test.context.junit4.SpringJUnit4ClassRunner.runChild(SpringJUnit4ClassRunner.java:97)
	at org.junit.runners.ParentRunner$3.run(ParentRunner.java:290)
	at org.junit.runners.ParentRunner$1.schedule(ParentRunner.java:71)
	at org.junit.runners.ParentRunner.runChildren(ParentRunner.java:288)
	at org.junit.runners.ParentRunner.access$000(ParentRunner.java:58)
	at org.junit.runners.ParentRunner$2.evaluate(ParentRunner.java:268)
	at org.springframework.test.context.junit4.statements.RunBeforeTestClassCallbacks.evaluate(RunBeforeTestClassCallbacks.java:61)
	at org.springframework.test.context.junit4.statements.RunAfterTestClassCallbacks.evaluate(RunAfterTestClassCallbacks.java:70)
	at org.junit.runners.ParentRunner.run(ParentRunner.java:363)
	at org.springframework.test.context.junit4.SpringJUnit4ClassRunner.run(SpringJUnit4ClassRunner.java:190)
	at org.apache.maven.surefire.junit4.JUnit4Provider.execute(JUnit4Provider.java:365)
	at org.apache.maven.surefire.junit4.JUnit4Provider.executeWithRerun(JUnit4Provider.java:273)
	at org.apache.maven.surefire.junit4.JUnit4Provider.executeTestSet(JUnit4Provider.java:238)
	at org.apache.maven.surefire.junit4.JUnit4Provider.invoke(JUnit4Provider.java:159)
	at org.apache.maven.surefire.booter.ForkedBooter.invokeProviderInSameClassLoader(ForkedBooter.java:379)
	at org.apache.maven.surefire.booter.ForkedBooter.runSuitesInProcess(ForkedBooter.java:340)
	at org.apache.maven.surefire.booter.ForkedBooter.execute(ForkedBooter.java:125)
	at org.apache.maven.surefire.booter.ForkedBooter.main(ForkedBooter.java:413)
]]></system-out>
  </testcase>
</testsuite>